load from stl-10.
Files already downloaded and verified
Files already downloaded and verified
load prior.
initialize model weights.
done get prior weights
epoch: 0, info: {'extract_feature.0.weight': tensor(3.5040e-05, device='cuda:0', grad_fn=<PowBackward0>), 'extract_feature.2.weight': tensor(0.0002, device='cuda:0', grad_fn=<PowBackward0>), 'extract_feature.5.weight': tensor(0.0002, device='cuda:0', grad_fn=<PowBackward0>), 'extract_feature.7.weight': tensor(0.0001, device='cuda:0', grad_fn=<PowBackward0>), 'extract_feature.10.weight': tensor(0.0002, device='cuda:0', grad_fn=<PowBackward0>), 'extract_feature.12.weight': tensor(0.0002, device='cuda:0', grad_fn=<PowBackward0>), 'extract_feature.14.weight': tensor(0.0002, device='cuda:0', grad_fn=<PowBackward0>), 'classifier.0.weight': tensor(0.0002, device='cuda:0', grad_fn=<PowBackward0>), 'classifier.3.weight': tensor(0.0002, device='cuda:0', grad_fn=<PowBackward0>), 'classifier.6.weight': tensor(0.0002, device='cuda:0', grad_fn=<PowBackward0>)}
epoch: 0, tr loss: 0.048902157410041745, lr: 0.0001, e_decay: 0.00152890058234334
epoch: 0, va acc: 0.5840000510215759
epoch: 1, info: {'extract_feature.0.weight': tensor(0.0006, device='cuda:0', grad_fn=<PowBackward0>), 'extract_feature.2.weight': tensor(4.5086e-05, device='cuda:0', grad_fn=<PowBackward0>), 'extract_feature.5.weight': tensor(4.7564e-05, device='cuda:0', grad_fn=<PowBackward0>), 'extract_feature.7.weight': tensor(5.9621e-05, device='cuda:0', grad_fn=<PowBackward0>), 'extract_feature.10.weight': tensor(4.4941e-05, device='cuda:0', grad_fn=<PowBackward0>), 'extract_feature.12.weight': tensor(5.6949e-05, device='cuda:0', grad_fn=<PowBackward0>), 'extract_feature.14.weight': tensor(4.9074e-05, device='cuda:0', grad_fn=<PowBackward0>), 'classifier.0.weight': tensor(5.4543e-05, device='cuda:0', grad_fn=<PowBackward0>), 'classifier.3.weight': tensor(4.5328e-05, device='cuda:0', grad_fn=<PowBackward0>), 'classifier.6.weight': tensor(5.1992e-05, device='cuda:0', grad_fn=<PowBackward0>)}
epoch: 1, tr loss: 0.027132732232806885, lr: 0.0001, e_decay: 0.001026423298753798
epoch: 1, va acc: 0.5800000429153442
epoch: 2, info: {'extract_feature.0.weight': tensor(2.4626e-05, device='cuda:0', grad_fn=<PowBackward0>), 'extract_feature.2.weight': tensor(5.0846e-05, device='cuda:0', grad_fn=<PowBackward0>), 'extract_feature.5.weight': tensor(3.8697e-05, device='cuda:0', grad_fn=<PowBackward0>), 'extract_feature.7.weight': tensor(6.1073e-05, device='cuda:0', grad_fn=<PowBackward0>), 'extract_feature.10.weight': tensor(6.1664e-05, device='cuda:0', grad_fn=<PowBackward0>), 'extract_feature.12.weight': tensor(8.3842e-05, device='cuda:0', grad_fn=<PowBackward0>), 'extract_feature.14.weight': tensor(8.5706e-05, device='cuda:0', grad_fn=<PowBackward0>), 'classifier.0.weight': tensor(8.9167e-05, device='cuda:0', grad_fn=<PowBackward0>), 'classifier.3.weight': tensor(8.4752e-05, device='cuda:0', grad_fn=<PowBackward0>), 'classifier.6.weight': tensor(6.1859e-05, device='cuda:0', grad_fn=<PowBackward0>)}
epoch: 2, tr loss: 0.020717433024784404, lr: 0.0001, e_decay: 0.0006422318983823061
epoch: 2, va acc: 0.5879999995231628
epoch: 3, info: {'extract_feature.0.weight': tensor(0.0002, device='cuda:0', grad_fn=<PowBackward0>), 'extract_feature.2.weight': tensor(2.5515e-07, device='cuda:0', grad_fn=<PowBackward0>), 'extract_feature.5.weight': tensor(4.8672e-07, device='cuda:0', grad_fn=<PowBackward0>), 'extract_feature.7.weight': tensor(6.5678e-07, device='cuda:0', grad_fn=<PowBackward0>), 'extract_feature.10.weight': tensor(1.8061e-05, device='cuda:0', grad_fn=<PowBackward0>), 'extract_feature.12.weight': tensor(4.1644e-05, device='cuda:0', grad_fn=<PowBackward0>), 'extract_feature.14.weight': tensor(4.8820e-05, device='cuda:0', grad_fn=<PowBackward0>), 'classifier.0.weight': tensor(3.6578e-05, device='cuda:0', grad_fn=<PowBackward0>), 'classifier.3.weight': tensor(2.7173e-05, device='cuda:0', grad_fn=<PowBackward0>), 'classifier.6.weight': tensor(1.7980e-05, device='cuda:0', grad_fn=<PowBackward0>)}
epoch: 3, tr loss: 0.016696105997601227, lr: 0.0001, e_decay: 0.000346065207850188
epoch: 3, va acc: 0.5900000333786011
epoch: 4, info: {'extract_feature.0.weight': tensor(0.0011, device='cuda:0', grad_fn=<PowBackward0>), 'extract_feature.2.weight': tensor(1.4367e-05, device='cuda:0', grad_fn=<PowBackward0>), 'extract_feature.5.weight': tensor(2.6502e-05, device='cuda:0', grad_fn=<PowBackward0>), 'extract_feature.7.weight': tensor(5.7913e-05, device='cuda:0', grad_fn=<PowBackward0>), 'extract_feature.10.weight': tensor(4.5897e-05, device='cuda:0', grad_fn=<PowBackward0>), 'extract_feature.12.weight': tensor(8.8200e-05, device='cuda:0', grad_fn=<PowBackward0>), 'extract_feature.14.weight': tensor(8.6133e-05, device='cuda:0', grad_fn=<PowBackward0>), 'classifier.0.weight': tensor(0.0001, device='cuda:0', grad_fn=<PowBackward0>), 'classifier.3.weight': tensor(7.3392e-05, device='cuda:0', grad_fn=<PowBackward0>), 'classifier.6.weight': tensor(0.0001, device='cuda:0', grad_fn=<PowBackward0>)}
epoch: 4, tr loss: 0.012495105797144584, lr: 0.0001, e_decay: 0.001784360152669251
epoch: 4, va acc: 0.5860000252723694
epoch: 5, info: {'extract_feature.0.weight': tensor(0.0030, device='cuda:0', grad_fn=<PowBackward0>), 'extract_feature.2.weight': tensor(4.9438e-05, device='cuda:0', grad_fn=<PowBackward0>), 'extract_feature.5.weight': tensor(5.8039e-05, device='cuda:0', grad_fn=<PowBackward0>), 'extract_feature.7.weight': tensor(0.0001, device='cuda:0', grad_fn=<PowBackward0>), 'extract_feature.10.weight': tensor(5.3162e-05, device='cuda:0', grad_fn=<PowBackward0>), 'extract_feature.12.weight': tensor(7.1955e-05, device='cuda:0', grad_fn=<PowBackward0>), 'extract_feature.14.weight': tensor(6.7278e-05, device='cuda:0', grad_fn=<PowBackward0>), 'classifier.0.weight': tensor(0.0001, device='cuda:0', grad_fn=<PowBackward0>), 'classifier.3.weight': tensor(6.5195e-05, device='cuda:0', grad_fn=<PowBackward0>), 'classifier.6.weight': tensor(0.0001, device='cuda:0', grad_fn=<PowBackward0>)}
epoch: 5, tr loss: 0.011154998671828958, lr: 0.0001, e_decay: 0.0037471666000783443
epoch: 5, va acc: 0.5840000510215759
epoch: 6, info: {'extract_feature.0.weight': tensor(5.0673e-06, device='cuda:0', grad_fn=<PowBackward0>), 'extract_feature.2.weight': tensor(2.6628e-05, device='cuda:0', grad_fn=<PowBackward0>), 'extract_feature.5.weight': tensor(2.8897e-05, device='cuda:0', grad_fn=<PowBackward0>), 'extract_feature.7.weight': tensor(1.8126e-05, device='cuda:0', grad_fn=<PowBackward0>), 'extract_feature.10.weight': tensor(2.1318e-05, device='cuda:0', grad_fn=<PowBackward0>), 'extract_feature.12.weight': tensor(2.4052e-05, device='cuda:0', grad_fn=<PowBackward0>), 'extract_feature.14.weight': tensor(1.8194e-05, device='cuda:0', grad_fn=<PowBackward0>), 'classifier.0.weight': tensor(1.9076e-05, device='cuda:0', grad_fn=<PowBackward0>), 'classifier.3.weight': tensor(1.4231e-05, device='cuda:0', grad_fn=<PowBackward0>), 'classifier.6.weight': tensor(1.0730e-05, device='cuda:0', grad_fn=<PowBackward0>)}
epoch: 6, tr loss: 0.009581022516199647, lr: 0.0001, e_decay: 0.00018631805141922086
epoch: 6, va acc: 0.5900000333786011
epoch: 7, info: {'extract_feature.0.weight': tensor(0.0005, device='cuda:0', grad_fn=<PowBackward0>), 'extract_feature.2.weight': tensor(5.8353e-05, device='cuda:0', grad_fn=<PowBackward0>), 'extract_feature.5.weight': tensor(4.7519e-05, device='cuda:0', grad_fn=<PowBackward0>), 'extract_feature.7.weight': tensor(6.2126e-05, device='cuda:0', grad_fn=<PowBackward0>), 'extract_feature.10.weight': tensor(3.4345e-05, device='cuda:0', grad_fn=<PowBackward0>), 'extract_feature.12.weight': tensor(4.2788e-05, device='cuda:0', grad_fn=<PowBackward0>), 'extract_feature.14.weight': tensor(3.4825e-05, device='cuda:0', grad_fn=<PowBackward0>), 'classifier.0.weight': tensor(5.3539e-05, device='cuda:0', grad_fn=<PowBackward0>), 'classifier.3.weight': tensor(4.5301e-05, device='cuda:0', grad_fn=<PowBackward0>), 'classifier.6.weight': tensor(6.1582e-05, device='cuda:0', grad_fn=<PowBackward0>)}
epoch: 7, tr loss: 0.008630576058772165, lr: 0.0001, e_decay: 0.0009453701786696911
epoch: 7, va acc: 0.5860000252723694
epoch: 8, info: {'extract_feature.0.weight': tensor(3.4598e-05, device='cuda:0', grad_fn=<PowBackward0>), 'extract_feature.2.weight': tensor(9.5797e-05, device='cuda:0', grad_fn=<PowBackward0>), 'extract_feature.5.weight': tensor(8.0156e-05, device='cuda:0', grad_fn=<PowBackward0>), 'extract_feature.7.weight': tensor(2.9003e-05, device='cuda:0', grad_fn=<PowBackward0>), 'extract_feature.10.weight': tensor(4.0206e-05, device='cuda:0', grad_fn=<PowBackward0>), 'extract_feature.12.weight': tensor(3.8090e-05, device='cuda:0', grad_fn=<PowBackward0>), 'extract_feature.14.weight': tensor(2.7617e-05, device='cuda:0', grad_fn=<PowBackward0>), 'classifier.0.weight': tensor(2.9692e-05, device='cuda:0', grad_fn=<PowBackward0>), 'classifier.3.weight': tensor(2.7542e-05, device='cuda:0', grad_fn=<PowBackward0>), 'classifier.6.weight': tensor(1.5787e-05, device='cuda:0', grad_fn=<PowBackward0>)}
epoch: 8, tr loss: 0.007222831300739205, lr: 0.0001, e_decay: 0.0004184869467280805
epoch: 8, va acc: 0.578000009059906
epoch: 9, info: {'extract_feature.0.weight': tensor(1.4821e-05, device='cuda:0', grad_fn=<PowBackward0>), 'extract_feature.2.weight': tensor(8.8497e-06, device='cuda:0', grad_fn=<PowBackward0>), 'extract_feature.5.weight': tensor(5.4261e-06, device='cuda:0', grad_fn=<PowBackward0>), 'extract_feature.7.weight': tensor(1.7094e-05, device='cuda:0', grad_fn=<PowBackward0>), 'extract_feature.10.weight': tensor(1.4877e-05, device='cuda:0', grad_fn=<PowBackward0>), 'extract_feature.12.weight': tensor(1.9939e-05, device='cuda:0', grad_fn=<PowBackward0>), 'extract_feature.14.weight': tensor(2.3529e-05, device='cuda:0', grad_fn=<PowBackward0>), 'classifier.0.weight': tensor(2.7037e-05, device='cuda:0', grad_fn=<PowBackward0>), 'classifier.3.weight': tensor(2.6314e-05, device='cuda:0', grad_fn=<PowBackward0>), 'classifier.6.weight': tensor(3.3388e-05, device='cuda:0', grad_fn=<PowBackward0>)}
epoch: 9, tr loss: 0.006625426856871961, lr: 0.0001, e_decay: 0.00019127617997583002
epoch: 9, va acc: 0.5900000333786011
epoch: 10, info: {'extract_feature.0.weight': tensor(8.4042e-06, device='cuda:0', grad_fn=<PowBackward0>), 'extract_feature.2.weight': tensor(2.1132e-05, device='cuda:0', grad_fn=<PowBackward0>), 'extract_feature.5.weight': tensor(2.3424e-05, device='cuda:0', grad_fn=<PowBackward0>), 'extract_feature.7.weight': tensor(2.0092e-05, device='cuda:0', grad_fn=<PowBackward0>), 'extract_feature.10.weight': tensor(1.7937e-05, device='cuda:0', grad_fn=<PowBackward0>), 'extract_feature.12.weight': tensor(1.6382e-05, device='cuda:0', grad_fn=<PowBackward0>), 'extract_feature.14.weight': tensor(1.7842e-05, device='cuda:0', grad_fn=<PowBackward0>), 'classifier.0.weight': tensor(1.6989e-05, device='cuda:0', grad_fn=<PowBackward0>), 'classifier.3.weight': tensor(1.5735e-05, device='cuda:0', grad_fn=<PowBackward0>), 'classifier.6.weight': tensor(1.5215e-05, device='cuda:0', grad_fn=<PowBackward0>)}
epoch: 10, tr loss: 0.005665276671814698, lr: 0.0001, e_decay: 0.00017315245349891484
epoch: 10, va acc: 0.5820000171661377
epoch: 11, info: {'extract_feature.0.weight': tensor(3.4324e-05, device='cuda:0', grad_fn=<PowBackward0>), 'extract_feature.2.weight': tensor(1.8395e-05, device='cuda:0', grad_fn=<PowBackward0>), 'extract_feature.5.weight': tensor(1.6104e-05, device='cuda:0', grad_fn=<PowBackward0>), 'extract_feature.7.weight': tensor(1.6777e-05, device='cuda:0', grad_fn=<PowBackward0>), 'extract_feature.10.weight': tensor(1.9885e-05, device='cuda:0', grad_fn=<PowBackward0>), 'extract_feature.12.weight': tensor(2.2262e-05, device='cuda:0', grad_fn=<PowBackward0>), 'extract_feature.14.weight': tensor(2.5645e-05, device='cuda:0', grad_fn=<PowBackward0>), 'classifier.0.weight': tensor(2.7765e-05, device='cuda:0', grad_fn=<PowBackward0>), 'classifier.3.weight': tensor(2.6819e-05, device='cuda:0', grad_fn=<PowBackward0>), 'classifier.6.weight': tensor(3.5997e-05, device='cuda:0', grad_fn=<PowBackward0>)}
epoch: 11, tr loss: 0.004709005235266829, lr: 0.0001, e_decay: 0.0002439735399093479
epoch: 11, va acc: 0.578000009059906
epoch: 12, info: {'extract_feature.0.weight': tensor(1.9827e-06, device='cuda:0', grad_fn=<PowBackward0>), 'extract_feature.2.weight': tensor(7.6913e-06, device='cuda:0', grad_fn=<PowBackward0>), 'extract_feature.5.weight': tensor(7.3444e-06, device='cuda:0', grad_fn=<PowBackward0>), 'extract_feature.7.weight': tensor(7.9244e-06, device='cuda:0', grad_fn=<PowBackward0>), 'extract_feature.10.weight': tensor(1.0118e-05, device='cuda:0', grad_fn=<PowBackward0>), 'extract_feature.12.weight': tensor(1.2637e-05, device='cuda:0', grad_fn=<PowBackward0>), 'extract_feature.14.weight': tensor(1.2385e-05, device='cuda:0', grad_fn=<PowBackward0>), 'classifier.0.weight': tensor(1.3202e-05, device='cuda:0', grad_fn=<PowBackward0>), 'classifier.3.weight': tensor(1.3661e-05, device='cuda:0', grad_fn=<PowBackward0>), 'classifier.6.weight': tensor(1.0923e-05, device='cuda:0', grad_fn=<PowBackward0>)}
epoch: 12, tr loss: 0.004391376344393488, lr: 0.0001, e_decay: 9.786904411157593e-05
epoch: 12, va acc: 0.5860000252723694
epoch: 13, info: {'extract_feature.0.weight': tensor(8.1803e-06, device='cuda:0', grad_fn=<PowBackward0>), 'extract_feature.2.weight': tensor(1.4240e-05, device='cuda:0', grad_fn=<PowBackward0>), 'extract_feature.5.weight': tensor(1.1188e-05, device='cuda:0', grad_fn=<PowBackward0>), 'extract_feature.7.weight': tensor(1.2205e-05, device='cuda:0', grad_fn=<PowBackward0>), 'extract_feature.10.weight': tensor(9.6389e-06, device='cuda:0', grad_fn=<PowBackward0>), 'extract_feature.12.weight': tensor(1.0316e-05, device='cuda:0', grad_fn=<PowBackward0>), 'extract_feature.14.weight': tensor(9.7764e-06, device='cuda:0', grad_fn=<PowBackward0>), 'classifier.0.weight': tensor(1.1212e-05, device='cuda:0', grad_fn=<PowBackward0>), 'classifier.3.weight': tensor(1.1131e-05, device='cuda:0', grad_fn=<PowBackward0>), 'classifier.6.weight': tensor(1.6194e-05, device='cuda:0', grad_fn=<PowBackward0>)}
epoch: 13, tr loss: 0.00396285390818209, lr: 0.0001, e_decay: 0.00011408052523620427
epoch: 13, va acc: 0.5800000429153442
early stop on epoch 13, val acc 0.5900000333786011
test acc: tensor(0.5883, device='cuda:0')
